生成启动时间为 2017/6/9 21:33:15。
     1>项目“F:\威锋电子\条码定位\上位机-参数调节\cammerParam\cammerParam\cammerParam.vcxproj”在节点 2 上(Build 个目标)。
     1>C:\Program Files (x86)\MSBuild\Microsoft.Cpp\v4.0\V120\Microsoft.CppBuild.targets(363,5): warning MSB8004: Intermediate Directory does not end with a trailing slash.  This build instance will add the slash as it is required to allow proper evaluation of the Intermediate Directory.
     1>C:\Program Files (x86)\MSBuild\Microsoft.Cpp\v4.0\V120\Microsoft.CppBuild.targets(364,5): warning MSB8004: Output Directory does not end with a trailing slash.  This build instance will add the slash as it is required to allow proper evaluation of the Output Directory.
     1>ClCompile:
         D:\Program Files (x86)\Microsoft Visual Studio 12.0\VC\bin\CL.exe /c /ZI /nologo /W3 /WX- /sdl /Od /Oy- /D _CRT_SECURE_NO_WARNINGS /D WIN32 /D _WINDOWS /D _DEBUG /D _MBCS /D _AFXDLL /Gm /EHsc /RTC1 /MDd /GS /fp:precise /Zc:wchar_t /Zc:forScope /Yu"stdafx.h" /Fp"../tmp\cammerParam.pch" /Fo"../tmp\\" /Fd"../tmp\vc120.pdb" /Gd /TP /analyze- /errorReport:prompt cammerParam.cpp cammerParamDlg.cpp
         cammerParamDlg.cpp
     1>f:\威锋电子\条码定位\上位机-参数调节\cammerparam\cammerparam\cammerparamdlg.cpp(432): warning C4018: “<”: 有符号/无符号不匹配
     1>f:\威锋电子\条码定位\上位机-参数调节\cammerparam\cammerparam\cammerparamdlg.cpp(378): warning C4101: “RXBuff”: 未引用的局部变量
     1>f:\威锋电子\条码定位\上位机-参数调节\cammerparam\cammerparam\cammerparamdlg.cpp(834): warning C4309: “初始化”: 截断常量值
     1>f:\威锋电子\条码定位\上位机-参数调节\cammerparam\cammerparam\cammerparamdlg.cpp(1064): warning C4309: “初始化”: 截断常量值
     1>f:\威锋电子\条码定位\上位机-参数调节\cammerparam\cammerparam\cammerparamdlg.cpp(1100): warning C4309: “初始化”: 截断常量值
         正在生成代码...
         正在编译...
         cammerParam.cpp
         正在生成代码...
       Link:
         D:\Program Files (x86)\Microsoft Visual Studio 12.0\VC\bin\link.exe /ERRORREPORT:PROMPT /OUT:"../bin\cammerParam.exe" /INCREMENTAL /NOLOGO /MANIFEST /MANIFESTUAC:"level='asInvoker' uiAccess='false'" /manifest:embed /manifestinput:"D:\Program Files (x86)\Microsoft Visual Studio 12.0\VC\Include\Manifest\dpiaware.manifest" /DEBUG /PDB:"../bin\cammerParam.pdb" /SUBSYSTEM:WINDOWS /TLBID:1 /DYNAMICBASE /NXCOMPAT /IMPLIB:"../bin\cammerParam.lib" /MACHINE:X86 ../tmp\cammerParam.res
         ../tmp\cammerParam.obj
         ../tmp\cammerParamDlg.obj
         ../tmp\stdafx.obj
         cammerParam.vcxproj -> F:\威锋电子\条码定位\上位机-参数调节\cammerParam\cammerParam\../bin\cammerParam.exe
     1>已完成生成项目“F:\威锋电子\条码定位\上位机-参数调节\cammerParam\cammerParam\cammerParam.vcxproj”(Build 个目标)的操作。

生成成功。

已用时间 00:00:01.07
